  Gotcha.cpp
C:\Users\Jasmine\Desktop\앍\WinAPI_56\include\libavutil\rational.h(1,1): warning C4819: 현재 코드 페이지(949)에서 표시할 수 없는 문자가 파일에 들어 있습니다. 데이터가 손실되지 않게 하려면 해당 파일을 유니코드 형식으로 저장하십시오.
  (소스 파일 '/Gotcha.cpp'을(를) 컴파일하는 중)
  
C:\Users\Jasmine\Desktop\앍\WinAPI_56\Gotcha.cpp(45,98): warning C4244: '인수': 'int'에서 'float'(으)로 변환하면서 데이터가 손실될 수 있습니다.
  (소스 파일 '/Gotcha.cpp'을(를) 컴파일하는 중)
  
C:\Users\Jasmine\Desktop\앍\WinAPI_56\Gotcha.cpp(45,64): warning C4244: '인수': 'int'에서 'float'(으)로 변환하면서 데이터가 손실될 수 있습니다.
  (소스 파일 '/Gotcha.cpp'을(를) 컴파일하는 중)
  
C:\Users\Jasmine\Desktop\앍\WinAPI_56\func.h(39,5): warning C4984: 'if constexpr'은 C++17 언어 확장입니다.
  (소스 파일 '/Gotcha.cpp'을(를) 컴파일하는 중)
      C:\Users\Jasmine\Desktop\앍\WinAPI_56\func.h(39,5):
      템플릿 인스턴스화 컨텍스트(가장 오래된 인스턴스화 컨텍스트)가
          C:\Users\Jasmine\Desktop\앍\WinAPI_56\Gotcha.cpp(38,14):
          컴파일되는 함수 템플릿 인스턴스화 'T GetRandomNum<float>(T,T)'에 대한 참조를 확인하세요.
          with
          [
              T=float
          ]
  
C:\Users\Jasmine\Desktop\앍\WinAPI_56\func.h(43,10): warning C4984: 'if constexpr'은 C++17 언어 확장입니다.
  (소스 파일 '/Gotcha.cpp'을(를) 컴파일하는 중)
  
  Level_Stage01.cpp
C:\Users\Jasmine\Desktop\앍\WinAPI_56\func.h(39,5): warning C4984: 'if constexpr'은 C++17 언어 확장입니다.
  (소스 파일 '/Level_Stage01.cpp'을(를) 컴파일하는 중)
      C:\Users\Jasmine\Desktop\앍\WinAPI_56\func.h(39,5):
      템플릿 인스턴스화 컨텍스트(가장 오래된 인스턴스화 컨텍스트)가
          C:\Users\Jasmine\Desktop\앍\WinAPI_56\Level_Stage01.cpp(319,11):
          컴파일되는 함수 템플릿 인스턴스화 'T GetRandomNum<int>(T,T)'에 대한 참조를 확인하세요.
          with
          [
              T=int
          ]
  
C:\Users\Jasmine\Desktop\앍\WinAPI_56\func.h(43,10): warning C4984: 'if constexpr'은 C++17 언어 확장입니다.
  (소스 파일 '/Level_Stage01.cpp'을(를) 컴파일하는 중)
  
  코드를 생성하고 있습니다...
  WinAPI_56.vcxproj -> C:\Users\Jasmine\Desktop\앍\OutputFile\Bin\MyGame_Debug.exe
